[09:20:30.467] Running build in Washington, D.C., USA (East) – iad1
[09:20:31.212] Cloning github.com/jcald/nextjs14Tutorial (Branch: main, Commit: 018c448)
[09:20:31.531] Cloning completed: 319.016ms
[09:20:35.329] Restored build cache
[09:20:35.410] Running "vercel build"
[09:20:35.879] Vercel CLI 32.7.1
[09:20:36.380] Warning: Detected "engines": { "node": ">=18.17.0" } in your `package.json` that will automatically upgrade when a new major Node.js Version is released. Learn More: http://vercel.link/node-version
[09:20:36.392] Installing dependencies...
[09:20:38.428] 
[09:20:38.429] changed 2 packages in 2s
[09:20:38.429] 
[09:20:38.429] 172 packages are looking for funding
[09:20:38.430]   run `npm fund` for details
[09:20:38.441] Detected Next.js version: 14.0.2
[09:20:38.447] Detected `package-lock.json` generated by npm 7+
[09:20:38.447] Running "npm run build"
[09:20:39.754] 
[09:20:39.754] > build
[09:20:39.754] > next build
[09:20:39.754] 
[09:20:41.060]    ▲ Next.js 14.0.2
[09:20:41.061] 
[09:20:41.062]    Creating an optimized production build ...
[09:20:47.262]  ✓ Compiled successfully
[09:20:47.263]    Linting and checking validity of types ...
[09:20:52.447]    Collecting page data ...
[09:20:53.657]    Generating static pages (0/7) ...
[09:20:53.923] 
   Generating static pages (1/7) 
[09:20:53.955] 
   Generating static pages (3/7) 
[09:20:54.050] 
   Generating static pages (5/7) 
[09:20:54.082] Database Error: L [VercelPostgresError]: VercelPostgresError - 'missing_connection_string': You did not supply a 'connectionString' and no 'POSTGRES_URL' env var was found.
[09:20:54.082]     at R (/vercel/path0/.next/server/app/dashboard/page.js:2:5519)
[09:20:54.083]     at Object.apply (/vercel/path0/.next/server/app/dashboard/page.js:2:6689)
[09:20:54.083]     at N (/vercel/path0/.next/server/app/dashboard/page.js:2:6782)
[09:20:54.083]     at D (/vercel/path0/.next/server/app/dashboard/page.js:10:389)
[09:20:54.083]     at /vercel/path0/node_modules/next/dist/compiled/next-server/app-page.runtime.prod.js:15:8539
[09:20:54.084]     at /vercel/path0/node_modules/next/dist/compiled/next-server/app-page.runtime.prod.js:15:8668
[09:20:54.084]     at runNextTicks (node:internal/process/task_queues:60:5)
[09:20:54.084]     at listOnTimeout (node:internal/timers:538:9)
[09:20:54.084]     at process.processTimers (node:internal/timers:512:7)
[09:20:54.084]     at async rx (/vercel/path0/node_modules/next/dist/compiled/next-server/app-page.runtime.prod.js:15:8362) {
[09:20:54.085]   code: 'missing_connection_string'
[09:20:54.085] }
[09:20:54.091] Database Error: L [VercelPostgresError]: VercelPostgresError - 'missing_connection_string': You did not supply a 'connectionString' and no 'POSTGRES_URL' env var was found.
[09:20:54.091]     at R (/vercel/path0/.next/server/app/dashboard/page.js:2:5519)
[09:20:54.092]     at Object.apply (/vercel/path0/.next/server/app/dashboard/page.js:2:6689)
[09:20:54.092]     at N (/vercel/path0/.next/server/app/dashboard/page.js:2:6782)
[09:20:54.092]     at D (/vercel/path0/.next/server/app/dashboard/page.js:10:389)
[09:20:54.092]     at /vercel/path0/node_modules/next/dist/compiled/next-server/app-page.runtime.prod.js:15:8539
[09:20:54.092]     at /vercel/path0/node_modules/next/dist/compiled/next-server/app-page.runtime.prod.js:15:8668
[09:20:54.093]     at async rx (/vercel/path0/node_modules/next/dist/compiled/next-server/app-page.runtime.prod.js:15:8362)
[09:20:54.093]     at async /vercel/path0/node_modules/next/dist/compiled/next-server/app-page.runtime.prod.js:15:7391
[09:20:54.093]     at async Promise.all (index 0)
[09:20:54.093]     at async rx (/vercel/path0/node_modules/next/dist/compiled/next-server/app-page.runtime.prod.js:15:7160) {
[09:20:54.093]   code: 'missing_connection_string'
[09:20:54.094] }
[09:20:54.094] Error: Failed to fetch revenue data.
[09:20:54.097]     at N (/vercel/path0/.next/server/app/dashboard/page.js:2:6870)
[09:20:54.097]     at D (/vercel/path0/.next/server/app/dashboard/page.js:10:389)
[09:20:54.097]     at /vercel/path0/node_modules/next/dist/compiled/next-server/app-page.runtime.prod.js:15:8539
[09:20:54.097]     at /vercel/path0/node_modules/next/dist/compiled/next-server/app-page.runtime.prod.js:15:8668
[09:20:54.098]     at runNextTicks (node:internal/process/task_queues:60:5)
[09:20:54.098]     at listOnTimeout (node:internal/timers:538:9)
[09:20:54.103]     at process.processTimers (node:internal/timers:512:7)
[09:20:54.103]     at async rx (/vercel/path0/node_modules/next/dist/compiled/next-server/app-page.runtime.prod.js:15:8362)
[09:20:54.103]     at async /vercel/path0/node_modules/next/dist/compiled/next-server/app-page.runtime.prod.js:15:7391
[09:20:54.104]     at async Promise.all (index 0)
[09:20:54.104] Error: Failed to fetch revenue data.
[09:20:54.104]     at N (/vercel/path0/.next/server/app/dashboard/page.js:2:6870)
[09:20:54.105]     at D (/vercel/path0/.next/server/app/dashboard/page.js:10:389)
[09:20:54.105]     at /vercel/path0/node_modules/next/dist/compiled/next-server/app-page.runtime.prod.js:15:8539
[09:20:54.105]     at /vercel/path0/node_modules/next/dist/compiled/next-server/app-page.runtime.prod.js:15:8668
[09:20:54.105]     at async rx (/vercel/path0/node_modules/next/dist/compiled/next-server/app-page.runtime.prod.js:15:8362)
[09:20:54.106]     at async /vercel/path0/node_modules/next/dist/compiled/next-server/app-page.runtime.prod.js:15:7391
[09:20:54.106]     at async Promise.all (index 0)
[09:20:54.107]     at async rx (/vercel/path0/node_modules/next/dist/compiled/next-server/app-page.runtime.prod.js:15:7160)
[09:20:54.108]     at async /vercel/path0/node_modules/next/dist/compiled/next-server/app-page.runtime.prod.js:15:7391
[09:20:54.108]     at async Promise.all (index 0)
[09:20:54.207] 
[09:20:54.214] Error occurred prerendering page "/dashboard". Read more: https://nextjs.org/docs/messages/prerender-error
[09:20:54.214] Error: Failed to fetch revenue data.
[09:20:54.215]     at N (/vercel/path0/.next/server/app/dashboard/page.js:2:6870)
[09:20:54.215]     at D (/vercel/path0/.next/server/app/dashboard/page.js:10:389)
[09:20:54.215]     at /vercel/path0/node_modules/next/dist/compiled/next-server/app-page.runtime.prod.js:15:8539
[09:20:54.215]     at /vercel/path0/node_modules/next/dist/compiled/next-server/app-page.runtime.prod.js:15:8668
[09:20:54.215]     at runNextTicks (node:internal/process/task_queues:60:5)
[09:20:54.215]     at listOnTimeout (node:internal/timers:538:9)
[09:20:54.215]     at process.processTimers (node:internal/timers:512:7)
[09:20:54.215]     at async rx (/vercel/path0/node_modules/next/dist/compiled/next-server/app-page.runtime.prod.js:15:8362)
[09:20:54.215]     at async /vercel/path0/node_modules/next/dist/compiled/next-server/app-page.runtime.prod.js:15:7391
[09:20:54.215]     at async Promise.all (index 0)
[09:20:54.286] 
 ✓ Generating static pages (7/7) 
[09:20:54.294] 
[09:20:54.295] > Export encountered errors on following paths:
[09:20:54.295] 	/dashboard/page: /dashboard
[09:20:54.346] Error: Command "npm run build" exited with 1
[09:20:54.554] 
